<?xml version="1.0" encoding="UTF-8" ?>
<testsuite tests="9" failures="0" name="mx.unam.ciencias.edd.test.TestArbolRojinegro" time="0.026" errors="1" skipped="0">
  <properties>
[...]
</properties>
  <testcase classname="mx.unam.ciencias.edd.test.TestArbolRojinegro" name="testElimina" time="0.004">
    <error message="Cannot invoke &quot;Object.equals(Object)&quot; because the return value of &quot;mx.unam.ciencias.edd.VerticeArbolBinario.get()&quot; is null" type="java.lang.NullPointerException">java.lang.NullPointerException: Cannot invoke &quot;Object.equals(Object)&quot; because the return value of &quot;mx.unam.ciencias.edd.VerticeArbolBinario.get()&quot; is null
	at mx.unam.ciencias.edd.ArbolBinario$Vertice.equals(ArbolBinario.java:181)
	at mx.unam.ciencias.edd.ArbolBinario$Vertice.equals(ArbolBinario.java:186)
	at mx.unam.ciencias.edd.ArbolBinario$Vertice.equals(ArbolBinario.java:212)
	at mx.unam.ciencias.edd.ArbolRojinegro$VerticeRojinegro.equals(ArbolRojinegro.java:66)
	at mx.unam.ciencias.edd.ArbolBinarioOrdenado.eliminaVertice(ArbolBinarioOrdenado.java:207)
	at mx.unam.ciencias.edd.ArbolRojinegro.elimina(ArbolRojinegro.java:304)
	at mx.unam.ciencias.edd.test.TestArbolRojinegro.testEliminaNegroRojo(TestArbolRojinegro.java:239)
	at mx.unam.ciencias.edd.test.TestArbolRojinegro.testElimina(TestArbolRojinegro.java:414)
	at java.base/jdk.internal.reflect.NativeMethodAccessorImpl.invoke0(Native Method)
	at java.base/jdk.internal.reflect.NativeMethodAccessorImpl.invoke(NativeMethodAccessorImpl.java:77)
	at java.base/jdk.internal.reflect.DelegatingMethodAccessorImpl.invoke(DelegatingMethodAccessorImpl.java:43)
	at java.base/java.lang.reflect.Method.invoke(Method.java:568)
	at org.junit.runners.model.FrameworkMethod$1.runReflectiveCall(FrameworkMethod.java:59)
	at org.junit.internal.runners.model.ReflectiveCallable.run(ReflectiveCallable.java:12)
	at org.junit.runners.model.FrameworkMethod.invokeExplosively(FrameworkMethod.java:56)
	at org.junit.internal.runners.statements.InvokeMethod.evaluate(InvokeMethod.java:17)
	at org.junit.internal.runners.statements.FailOnTimeout$CallableStatement.call(FailOnTimeout.java:299)
	at org.junit.internal.runners.statements.FailOnTimeout$CallableStatement.call(FailOnTimeout.java:293)
	at java.base/java.util.concurrent.FutureTask.run(FutureTask.java:264)
	at java.base/java.lang.Thread.run(Thread.java:833)
</error>
  </testcase>
  <testcase classname="mx.unam.ciencias.edd.test.TestArbolRojinegro" name="testGetColor" time="0"/>
  <testcase classname="mx.unam.ciencias.edd.test.TestArbolRojinegro" name="testToString" time="0.018"/>
  <testcase classname="mx.unam.ciencias.edd.test.TestArbolRojinegro" name="testGiraDerecha" time="0.001"/>
  <testcase classname="mx.unam.ciencias.edd.test.TestArbolRojinegro" name="testAgrega" time="0.001"/>
  <testcase classname="mx.unam.ciencias.edd.test.TestArbolRojinegro" name="testEquals" time="0.001"/>
  <testcase classname="mx.unam.ciencias.edd.test.TestArbolRojinegro" name="testGiraIzquierda" time="0"/>
  <testcase classname="mx.unam.ciencias.edd.test.TestArbolRojinegro" name="testConstructorColeccion" time="0.001"/>
  <testcase classname="mx.unam.ciencias.edd.test.TestArbolRojinegro" name="testConstructor" time="0"/>
</testsuite>